<?xml version="1.0" encoding="UTF-8"?>
<testng-results ignored="0" total="1" passed="1" failed="0" skipped="0">
  <reporter-output>
  </reporter-output>
  <suite started-at="2022-04-29T20:57:48 IST" name="Default suite" finished-at="2022-04-29T20:58:15 IST" duration-ms="26660">
    <groups>
    </groups>
    <test started-at="2022-04-29T20:57:48 IST" name="Default test" finished-at="2022-04-29T20:58:15 IST" duration-ms="26660">
      <class name="AzureTestPackage.AzureTest">
        <test-method is-config="true" signature="setUp()[pri:0, instance:AzureTestPackage.AzureTest@149e0f5d]" started-at="2022-04-29T20:57:48 IST" name="setUp" finished-at="2022-04-29T20:58:14 IST" duration-ms="25680" status="PASS">
          <reporter-output>
          </reporter-output>
        </test-method> <!-- setUp -->
        <test-method signature="sidraTitleTest()[pri:0, instance:AzureTestPackage.AzureTest@149e0f5d]" started-at="2022-04-29T20:58:14 IST" name="sidraTitleTest" finished-at="2022-04-29T20:58:14 IST" duration-ms="91" status="PASS">
          <reporter-output>
          </reporter-output>
        </test-method> <!-- sidraTitleTest -->
        <test-method is-config="true" signature="tearDown()[pri:0, instance:AzureTestPackage.AzureTest@149e0f5d]" started-at="2022-04-29T20:58:14 IST" name="tearDown" finished-at="2022-04-29T20:58:15 IST" duration-ms="784" status="PASS">
          <reporter-output>
          </reporter-output>
        </test-method> <!-- tearDown -->
      </class> <!-- AzureTestPackage.AzureTest -->
    </test> <!-- Default test -->
  </suite> <!-- Default suite -->
</testng-results>
