<?xml version="1.0" encoding="UTF-8"?>
<testng-results ignored="0" total="1" passed="1" failed="0" skipped="0">
  <reporter-output>
  </reporter-output>
  <suite started-at="2022-05-01T16:54:13 IST" name="Default suite" finished-at="2022-05-01T16:54:24 IST" duration-ms="10771">
    <groups>
    </groups>
    <test started-at="2022-05-01T16:54:13 IST" name="Default test" finished-at="2022-05-01T16:54:24 IST" duration-ms="10771">
      <class name="AzureTestPackage.AzureTest">
        <test-method is-config="true" signature="setUp()[pri:0, instance:AzureTestPackage.AzureTest@6580cfdd]" started-at="2022-05-01T16:54:13 IST" name="setUp" finished-at="2022-05-01T16:54:23 IST" duration-ms="10070" status="PASS">
          <reporter-output>
          </reporter-output>
        </test-method> <!-- setUp -->
        <test-method signature="sidraTitleTest()[pri:0, instance:AzureTestPackage.AzureTest@6580cfdd]" started-at="2022-05-01T16:54:23 IST" name="sidraTitleTest" finished-at="2022-05-01T16:54:23 IST" duration-ms="28" status="PASS">
          <reporter-output>
          </reporter-output>
        </test-method> <!-- sidraTitleTest -->
        <test-method is-config="true" signature="tearDown()[pri:0, instance:AzureTestPackage.AzureTest@6580cfdd]" started-at="2022-05-01T16:54:23 IST" name="tearDown" finished-at="2022-05-01T16:54:24 IST" duration-ms="568" status="PASS">
          <reporter-output>
          </reporter-output>
        </test-method> <!-- tearDown -->
      </class> <!-- AzureTestPackage.AzureTest -->
    </test> <!-- Default test -->
  </suite> <!-- Default suite -->
</testng-results>
